<?xml version="1.0" encoding="UTF-8"?>
<robot generator="Robot 4.1.3 (Python 3.10.5 on win32)" generated="20221015 19:49:13.367" rpa="false" schemaversion="2">
<suite id="s1" name="1 Register" source="D:\Cohort 5\Final task\Final-Task-Web-Automation-Testing-main\suites\1_register.robot">
<test id="s1-t1" name="User Should Be Able To See Register Page">
<kw name="Open Browser Chrome" library="register" type="SETUP">
<kw name="Open Browser" library="SeleniumLibrary">
<arg>browser=chrome</arg>
<arg>url=${homepage_url}</arg>
<doc>Opens a new browser instance to the optional ``url``.</doc>
<msg timestamp="20221015 19:49:13.530" level="INFO">Opening browser 'chrome' to base url 'http://automationpractice.com/'.</msg>
<status status="PASS" starttime="20221015 19:49:13.530" endtime="20221015 19:49:27.917"/>
</kw>
<kw name="Maximize Browser Window" library="SeleniumLibrary">
<doc>Maximizes current browser window.</doc>
<status status="PASS" starttime="20221015 19:49:27.917" endtime="20221015 19:49:28.045"/>
</kw>
<status status="PASS" starttime="20221015 19:49:13.529" endtime="20221015 19:49:28.045"/>
</kw>
<kw name="user can click sign in button" library="register">
<kw name="Wait Until Element Is Visible" library="SeleniumLibrary">
<arg>${sign_in_button}</arg>
<doc>Waits until the element ``locator`` is visible.</doc>
<status status="PASS" starttime="20221015 19:49:28.046" endtime="20221015 19:49:28.079"/>
</kw>
<kw name="Click Element" library="SeleniumLibrary">
<arg>${sign_in_button}</arg>
<doc>Click the element identified by ``locator``.</doc>
<msg timestamp="20221015 19:49:28.079" level="INFO">Clicking element '//a[@class="login"]'.</msg>
<status status="PASS" starttime="20221015 19:49:28.079" endtime="20221015 19:49:31.969"/>
</kw>
<status status="PASS" starttime="20221015 19:49:28.045" endtime="20221015 19:49:31.969"/>
</kw>
<kw name="user can input email address field" library="register">
<kw name="Input Text" library="SeleniumLibrary">
<arg>${email_field}</arg>
<arg>${email}</arg>
<doc>Types the given ``text`` into the text field identified by ``locator``.</doc>
<msg timestamp="20221015 19:49:31.970" level="INFO">Typing text 'abcde000001@gmail.com' into text field '//input[@id="email_create"]'.</msg>
<status status="PASS" starttime="20221015 19:49:31.970" endtime="20221015 19:49:32.057"/>
</kw>
<status status="PASS" starttime="20221015 19:49:31.969" endtime="20221015 19:49:32.057"/>
</kw>
<kw name="user can click create button" library="register">
<kw name="Click Element" library="SeleniumLibrary">
<arg>${create_button}</arg>
<doc>Click the element identified by ``locator``.</doc>
<msg timestamp="20221015 19:49:32.058" level="INFO">Clicking element '//button[@class="btn btn-default button button-medium exclusive"]'.</msg>
<status status="PASS" starttime="20221015 19:49:32.058" endtime="20221015 19:49:32.113"/>
</kw>
<status status="PASS" starttime="20221015 19:49:32.057" endtime="20221015 19:49:32.113"/>
</kw>
<kw name="user can clik gender radio button" library="register">
<kw name="Wait Until Element Is Visible" library="SeleniumLibrary">
<arg>${gender}</arg>
<doc>Waits until the element ``locator`` is visible.</doc>
<status status="PASS" starttime="20221015 19:49:32.114" endtime="20221015 19:49:36.743"/>
</kw>
<kw name="Click Element" library="SeleniumLibrary">
<arg>${gender}</arg>
<doc>Click the element identified by ``locator``.</doc>
<msg timestamp="20221015 19:49:36.744" level="INFO">Clicking element '//*[@id="uniform-id_gender2"]'.</msg>
<status status="PASS" starttime="20221015 19:49:36.744" endtime="20221015 19:49:36.778"/>
</kw>
<status status="PASS" starttime="20221015 19:49:32.113" endtime="20221015 19:49:36.778"/>
</kw>
<kw name="user can input first name field in personal information" library="register">
<kw name="Input Text" library="SeleniumLibrary">
<arg>${first_name_field1}</arg>
<arg>${first_name}</arg>
<doc>Types the given ``text`` into the text field identified by ``locator``.</doc>
<msg timestamp="20221015 19:49:36.779" level="INFO">Typing text 'Jen' into text field '//input[@id="customer_firstname"]'.</msg>
<status status="PASS" starttime="20221015 19:49:36.779" endtime="20221015 19:49:36.866"/>
</kw>
<status status="PASS" starttime="20221015 19:49:36.779" endtime="20221015 19:49:36.866"/>
</kw>
<kw name="user can input last name field in personal information" library="register">
<kw name="Input Text" library="SeleniumLibrary">
<arg>${last_name_field1}</arg>
<arg>${last_name}</arg>
<doc>Types the given ``text`` into the text field identified by ``locator``.</doc>
<msg timestamp="20221015 19:49:36.867" level="INFO">Typing text 'Key' into text field '//input[@id="customer_lastname"]'.</msg>
<status status="PASS" starttime="20221015 19:49:36.867" endtime="20221015 19:49:36.949"/>
</kw>
<status status="PASS" starttime="20221015 19:49:36.867" endtime="20221015 19:49:36.949"/>
</kw>
<kw name="user can input password field" library="register">
<kw name="Input Text" library="SeleniumLibrary">
<arg>${password_field}</arg>
<arg>${password}</arg>
<doc>Types the given ``text`` into the text field identified by ``locator``.</doc>
<msg timestamp="20221015 19:49:36.950" level="INFO">Typing text '123456' into text field '//input[@id="passwd"]'.</msg>
<status status="PASS" starttime="20221015 19:49:36.950" endtime="20221015 19:49:37.026"/>
</kw>
<status status="PASS" starttime="20221015 19:49:36.949" endtime="20221015 19:49:37.026"/>
</kw>
<kw name="user can input DOB" library="register">
<kw name="Select From List By Index" library="SeleniumLibrary">
<arg>${date}</arg>
<arg>20</arg>
<doc>Selects options from selection list ``locator`` by ``indexes``.</doc>
<msg timestamp="20221015 19:49:37.027" level="INFO">Selecting options from selection list '//select[@id="days"]' by index 20.</msg>
<status status="PASS" starttime="20221015 19:49:37.027" endtime="20221015 19:49:37.280"/>
</kw>
<kw name="Select From List By Index" library="SeleniumLibrary">
<arg>${month}</arg>
<arg>6</arg>
<doc>Selects options from selection list ``locator`` by ``indexes``.</doc>
<msg timestamp="20221015 19:49:37.281" level="INFO">Selecting options from selection list '//select[@id="months"]' by index 6.</msg>
<status status="PASS" starttime="20221015 19:49:37.280" endtime="20221015 19:49:37.422"/>
</kw>
<kw name="Click Element" library="SeleniumLibrary">
<arg>${years.format("${year}")}</arg>
<doc>Click the element identified by ``locator``.</doc>
<msg timestamp="20221015 19:49:37.423" level="INFO">Clicking element '//option[@value="1997"]'.</msg>
<status status="PASS" starttime="20221015 19:49:37.422" endtime="20221015 19:49:37.458"/>
</kw>
<status status="PASS" starttime="20221015 19:49:37.027" endtime="20221015 19:49:37.458"/>
</kw>
<kw name="user can click newsletter checkbox" library="register">
<kw name="Click Element" library="SeleniumLibrary">
<arg>${newsletter}</arg>
<doc>Click the element identified by ``locator``.</doc>
<msg timestamp="20221015 19:49:37.461" level="INFO">Clicking element '//div[@id="uniform-newsletter"]'.</msg>
<status status="PASS" starttime="20221015 19:49:37.460" endtime="20221015 19:49:37.503"/>
</kw>
<status status="PASS" starttime="20221015 19:49:37.459" endtime="20221015 19:49:37.504"/>
</kw>
<kw name="user can click offers checkbox" library="register">
<kw name="Click Element" library="SeleniumLibrary">
<arg>${offers}</arg>
<doc>Click the element identified by ``locator``.</doc>
<msg timestamp="20221015 19:49:37.505" level="INFO">Clicking element '//input[@id="optin"]'.</msg>
<status status="PASS" starttime="20221015 19:49:37.504" endtime="20221015 19:49:37.551"/>
</kw>
<status status="PASS" starttime="20221015 19:49:37.504" endtime="20221015 19:49:37.551"/>
</kw>
<kw name="user can input first name field in address" library="register">
<kw name="Input Text" library="SeleniumLibrary">
<arg>${first_name_field2}</arg>
<arg>${first_name}</arg>
<doc>Types the given ``text`` into the text field identified by ``locator``.</doc>
<msg timestamp="20221015 19:49:37.552" level="INFO">Typing text 'Jen' into text field '//input[@id="firstname"]'.</msg>
<status status="PASS" starttime="20221015 19:49:37.552" endtime="20221015 19:49:37.637"/>
</kw>
<status status="PASS" starttime="20221015 19:49:37.552" endtime="20221015 19:49:37.637"/>
</kw>
<kw name="user can input last name field in address" library="register">
<kw name="Input Text" library="SeleniumLibrary">
<arg>${last_name_field2}</arg>
<arg>${last_name}</arg>
<doc>Types the given ``text`` into the text field identified by ``locator``.</doc>
<msg timestamp="20221015 19:49:37.638" level="INFO">Typing text 'Key' into text field '//input[@id="lastname"]'.</msg>
<status status="PASS" starttime="20221015 19:49:37.638" endtime="20221015 19:49:37.714"/>
</kw>
<status status="PASS" starttime="20221015 19:49:37.637" endtime="20221015 19:49:37.714"/>
</kw>
<kw name="user can input company field" library="register">
<kw name="Input Text" library="SeleniumLibrary">
<arg>${company_field}</arg>
<arg>${company_name}</arg>
<doc>Types the given ``text`` into the text field identified by ``locator``.</doc>
<msg timestamp="20221015 19:49:37.714" level="INFO">Typing text 'PT. Maju Jaya' into text field '//input[@id="company"]'.</msg>
<status status="PASS" starttime="20221015 19:49:37.714" endtime="20221015 19:49:37.795"/>
</kw>
<status status="PASS" starttime="20221015 19:49:37.714" endtime="20221015 19:49:37.795"/>
</kw>
<kw name="user can input address_1 field" library="register">
<kw name="Input Text" library="SeleniumLibrary">
<arg>${address_1_field}</arg>
<arg>${address_1}</arg>
<doc>Types the given ``text`` into the text field identified by ``locator``.</doc>
<msg timestamp="20221015 19:49:37.796" level="INFO">Typing text 'Jalan Bersama' into text field '//input[@name="address1"]'.</msg>
<status status="PASS" starttime="20221015 19:49:37.796" endtime="20221015 19:49:37.876"/>
</kw>
<status status="PASS" starttime="20221015 19:49:37.796" endtime="20221015 19:49:37.876"/>
</kw>
<kw name="user can input address_2 field" library="register">
<kw name="Input Text" library="SeleniumLibrary">
<arg>${address_2_field}</arg>
<arg>${address_2}</arg>
<doc>Types the given ``text`` into the text field identified by ``locator``.</doc>
<msg timestamp="20221015 19:49:37.877" level="INFO">Typing text 'RT. 009 RW. 010, Kec. Suka, Kel. Setia' into text field '//input[@name="address2"]'.</msg>
<status status="PASS" starttime="20221015 19:49:37.877" endtime="20221015 19:49:37.978"/>
</kw>
<status status="PASS" starttime="20221015 19:49:37.877" endtime="20221015 19:49:37.978"/>
</kw>
<kw name="User can input city field" library="register">
<kw name="Input Text" library="SeleniumLibrary">
<arg>${city_field}</arg>
<arg>${city}</arg>
<doc>Types the given ``text`` into the text field identified by ``locator``.</doc>
<msg timestamp="20221015 19:49:37.979" level="INFO">Typing text 'Jakarta Selatan' into text field '//input[@id="city"]'.</msg>
<status status="PASS" starttime="20221015 19:49:37.978" endtime="20221015 19:49:38.064"/>
</kw>
<status status="PASS" starttime="20221015 19:49:37.978" endtime="20221015 19:49:38.064"/>
</kw>
<kw name="user can input state Dropdown" library="register">
<kw name="Select From List By Index" library="SeleniumLibrary">
<arg>${state_field}</arg>
<arg>11</arg>
<doc>Selects options from selection list ``locator`` by ``indexes``.</doc>
<msg timestamp="20221015 19:49:38.065" level="INFO">Selecting options from selection list '//select[@id="id_state"]' by index 11.</msg>
<status status="PASS" starttime="20221015 19:49:38.064" endtime="20221015 19:49:38.265"/>
</kw>
<status status="PASS" starttime="20221015 19:49:38.064" endtime="20221015 19:49:38.266"/>
</kw>
<kw name="user can input postal code field" library="register">
<kw name="Input Text" library="SeleniumLibrary">
<arg>${postal_code_field}</arg>
<arg>${postal_code}</arg>
<doc>Types the given ``text`` into the text field identified by ``locator``.</doc>
<msg timestamp="20221015 19:49:38.266" level="INFO">Typing text '19901' into text field '//input[@id="postcode"]'.</msg>
<status status="PASS" starttime="20221015 19:49:38.266" endtime="20221015 19:49:38.348"/>
</kw>
<status status="PASS" starttime="20221015 19:49:38.266" endtime="20221015 19:49:38.348"/>
</kw>
<kw name="user can input country field" library="register">
<kw name="Select From List By Index" library="SeleniumLibrary">
<arg>${country_field}</arg>
<arg>1</arg>
<doc>Selects options from selection list ``locator`` by ``indexes``.</doc>
<msg timestamp="20221015 19:49:38.349" level="INFO">Selecting options from selection list '//select[@id="id_country"]' by index 1.</msg>
<status status="PASS" starttime="20221015 19:49:38.349" endtime="20221015 19:49:38.413"/>
</kw>
<status status="PASS" starttime="20221015 19:49:38.349" endtime="20221015 19:49:38.414"/>
</kw>
<kw name="user can input information field" library="register">
<kw name="Input Text" library="SeleniumLibrary">
<arg>${information_field}</arg>
<arg>${other_message}</arg>
<doc>Types the given ``text`` into the text field identified by ``locator``.</doc>
<msg timestamp="20221015 19:49:38.415" level="INFO">Typing text 'hai semua, ini adalah text additional information' into text field '//textarea[@id="other"]'.</msg>
<status status="PASS" starttime="20221015 19:49:38.414" endtime="20221015 19:49:38.522"/>
</kw>
<status status="PASS" starttime="20221015 19:49:38.414" endtime="20221015 19:49:38.522"/>
</kw>
<kw name="user can input homephone field" library="register">
<kw name="Input Text" library="SeleniumLibrary">
<arg>${homephone_field}</arg>
<arg>${homephone}</arg>
<doc>Types the given ``text`` into the text field identified by ``locator``.</doc>
<msg timestamp="20221015 19:49:38.523" level="INFO">Typing text '0811081109111' into text field '//input[@id="phone"]'.</msg>
<status status="PASS" starttime="20221015 19:49:38.523" endtime="20221015 19:49:38.602"/>
</kw>
<status status="PASS" starttime="20221015 19:49:38.522" endtime="20221015 19:49:38.602"/>
</kw>
<kw name="user can input mobilephone field" library="register">
<kw name="Input Text" library="SeleniumLibrary">
<arg>${mobilephone_field}</arg>
<arg>${mobile_phone}</arg>
<doc>Types the given ``text`` into the text field identified by ``locator``.</doc>
<msg timestamp="20221015 19:49:38.604" level="INFO">Typing text '0215321234' into text field '//input[@id="phone_mobile"]'.</msg>
<status status="PASS" starttime="20221015 19:49:38.604" endtime="20221015 19:49:38.678"/>
</kw>
<status status="PASS" starttime="20221015 19:49:38.604" endtime="20221015 19:49:38.679"/>
</kw>
<kw name="user can clear address alias field" library="register">
<kw name="Clear Element Text" library="SeleniumLibrary">
<arg>${address_alias_field}</arg>
<doc>Clears the value of the text-input-element identified by ``locator``.</doc>
<status status="PASS" starttime="20221015 19:49:38.679" endtime="20221015 19:49:38.720"/>
</kw>
<status status="PASS" starttime="20221015 19:49:38.679" endtime="20221015 19:49:38.720"/>
</kw>
<kw name="user can input address alias field" library="register">
<kw name="Input Text" library="SeleniumLibrary">
<arg>${address_alias_field}</arg>
<arg>${address alias}</arg>
<doc>Types the given ``text`` into the text field identified by ``locator``.</doc>
<msg timestamp="20221015 19:49:38.722" level="INFO">Typing text 'Jalan selamanya' into text field '//input[@id="alias"]'.</msg>
<status status="PASS" starttime="20221015 19:49:38.721" endtime="20221015 19:49:38.797"/>
</kw>
<status status="PASS" starttime="20221015 19:49:38.721" endtime="20221015 19:49:38.797"/>
</kw>
<kw name="user can click register button" library="register">
<kw name="Click Element" library="SeleniumLibrary">
<arg>${register_button}</arg>
<doc>Click the element identified by ``locator``.</doc>
<msg timestamp="20221015 19:49:38.798" level="INFO">Clicking element '//button[@id="submitAccount"]'.</msg>
<status status="PASS" starttime="20221015 19:49:38.798" endtime="20221015 19:49:42.392"/>
</kw>
<status status="PASS" starttime="20221015 19:49:38.798" endtime="20221015 19:49:42.392"/>
</kw>
<kw name="Close Browser" library="SeleniumLibrary" type="TEARDOWN">
<doc>Closes the current browser.</doc>
<status status="PASS" starttime="20221015 19:49:42.393" endtime="20221015 19:49:44.911"/>
</kw>
<doc>Test to verify that user should be able to register</doc>
<status status="PASS" starttime="20221015 19:49:13.528" endtime="20221015 19:49:44.912"/>
</test>
<doc>Login test cases</doc>
<status status="PASS" starttime="20221015 19:49:13.369" endtime="20221015 19:49:44.914"/>
</suite>
<statistics>
<total>
<stat pass="1" fail="0" skip="0">All Tests</stat>
</total>
<tag>
</tag>
<suite>
<stat pass="1" fail="0" skip="0" id="s1" name="1 Register">1 Register</stat>
</suite>
</statistics>
<errors>
</errors>
</robot>
