<?xml version="1.0" encoding="UTF-8"?>
<robot generator="Robot 4.1.3 (Python 3.10.5 on win32)" generated="20221018 15:40:37.909" rpa="false" schemaversion="2">
<suite id="s1" name="1 Register" source="D:\Cohort 5\POM-RobotFW\suites\1_register.robot">
<test id="s1-t1" name="User Should Be Able To See Register Page">
<kw name="Open Browser Chrome" library="register" type="SETUP">
<kw name="Open Browser" library="SeleniumLibrary">
<arg>browser=chrome</arg>
<arg>url=${homepage_url}</arg>
<doc>Opens a new browser instance to the optional ``url``.</doc>
<msg timestamp="20221018 15:40:38.296" level="INFO">Opening browser 'chrome' to base url 'http://automationpractice.com/'.</msg>
<status status="PASS" starttime="20221018 15:40:38.295" endtime="20221018 15:40:57.603"/>
</kw>
<kw name="Maximize Browser Window" library="SeleniumLibrary">
<doc>Maximizes current browser window.</doc>
<status status="PASS" starttime="20221018 15:40:57.604" endtime="20221018 15:40:57.752"/>
</kw>
<status status="PASS" starttime="20221018 15:40:38.295" endtime="20221018 15:40:57.752"/>
</kw>
<kw name="user can click sign in button" library="register">
<kw name="Wait Until Element Is Visible" library="SeleniumLibrary">
<arg>${sign_in_button}</arg>
<doc>Waits until the element ``locator`` is visible.</doc>
<status status="PASS" starttime="20221018 15:40:57.754" endtime="20221018 15:40:57.819"/>
</kw>
<kw name="Click Element" library="SeleniumLibrary">
<arg>${sign_in_button}</arg>
<doc>Click the element identified by ``locator``.</doc>
<msg timestamp="20221018 15:40:57.819" level="INFO">Clicking element '//a[@class="login"]'.</msg>
<status status="PASS" starttime="20221018 15:40:57.819" endtime="20221018 15:41:01.645"/>
</kw>
<status status="PASS" starttime="20221018 15:40:57.753" endtime="20221018 15:41:01.646"/>
</kw>
<kw name="user can input email address field" library="register">
<kw name="Input Text" library="SeleniumLibrary">
<arg>${email_field}</arg>
<arg>${email}</arg>
<doc>Types the given ``text`` into the text field identified by ``locator``.</doc>
<msg timestamp="20221018 15:41:01.648" level="INFO">Typing text 'abcde000006@gmail.com' into text field '//input[@id="email_create"]'.</msg>
<status status="PASS" starttime="20221018 15:41:01.647" endtime="20221018 15:41:01.796"/>
</kw>
<status status="PASS" starttime="20221018 15:41:01.647" endtime="20221018 15:41:01.796"/>
</kw>
<kw name="user can click create button" library="register">
<kw name="Click Element" library="SeleniumLibrary">
<arg>${create_button}</arg>
<doc>Click the element identified by ``locator``.</doc>
<msg timestamp="20221018 15:41:01.799" level="INFO">Clicking element '//button[@class="btn btn-default button button-medium exclusive"]'.</msg>
<status status="PASS" starttime="20221018 15:41:01.798" endtime="20221018 15:41:01.904"/>
</kw>
<kw name="Wait Until Element Is Visible" library="SeleniumLibrary">
<arg>${gender}</arg>
<doc>Waits until the element ``locator`` is visible.</doc>
<status status="PASS" starttime="20221018 15:41:01.904" endtime="20221018 15:41:04.770"/>
</kw>
<kw name="Wait Until Element Is Visible" library="SeleniumLibrary">
<arg>${first_name_field1}</arg>
<doc>Waits until the element ``locator`` is visible.</doc>
<status status="PASS" starttime="20221018 15:41:04.770" endtime="20221018 15:41:04.798"/>
</kw>
<kw name="Wait Until Element Is Visible" library="SeleniumLibrary">
<arg>${last_name_field1}</arg>
<doc>Waits until the element ``locator`` is visible.</doc>
<status status="PASS" starttime="20221018 15:41:04.798" endtime="20221018 15:41:04.827"/>
</kw>
<kw name="Wait Until Element Is Visible" library="SeleniumLibrary">
<arg>${password_field}</arg>
<doc>Waits until the element ``locator`` is visible.</doc>
<status status="PASS" starttime="20221018 15:41:04.827" endtime="20221018 15:41:04.852"/>
</kw>
<status status="PASS" starttime="20221018 15:41:01.797" endtime="20221018 15:41:04.853"/>
</kw>
<kw name="user can clik gender radio button" library="register">
<kw name="Click Element" library="SeleniumLibrary">
<arg>${gender}</arg>
<doc>Click the element identified by ``locator``.</doc>
<msg timestamp="20221018 15:41:04.855" level="INFO">Clicking element '//*[@id="uniform-id_gender2"]'.</msg>
<status status="PASS" starttime="20221018 15:41:04.854" endtime="20221018 15:41:04.913"/>
</kw>
<status status="PASS" starttime="20221018 15:41:04.853" endtime="20221018 15:41:04.913"/>
</kw>
<kw name="user can input first name field in personal information" library="register">
<kw name="Input Text" library="SeleniumLibrary">
<arg>${first_name_field1}</arg>
<arg>${first_name}</arg>
<doc>Types the given ``text`` into the text field identified by ``locator``.</doc>
<msg timestamp="20221018 15:41:04.915" level="INFO">Typing text 'Jen' into text field '//input[@id="customer_firstname"]'.</msg>
<status status="PASS" starttime="20221018 15:41:04.914" endtime="20221018 15:41:05.034"/>
</kw>
<status status="PASS" starttime="20221018 15:41:04.914" endtime="20221018 15:41:05.035"/>
</kw>
<kw name="user can input last name field in personal information" library="register">
<kw name="Input Text" library="SeleniumLibrary">
<arg>${last_name_field1}</arg>
<arg>${last_name}</arg>
<doc>Types the given ``text`` into the text field identified by ``locator``.</doc>
<msg timestamp="20221018 15:41:05.037" level="INFO">Typing text 'Key' into text field '//input[@id="customer_lastname"]'.</msg>
<status status="PASS" starttime="20221018 15:41:05.036" endtime="20221018 15:41:05.171"/>
</kw>
<status status="PASS" starttime="20221018 15:41:05.035" endtime="20221018 15:41:05.171"/>
</kw>
<kw name="user can input password field" library="register">
<kw name="Input Text" library="SeleniumLibrary">
<arg>${password_field}</arg>
<arg>${password}</arg>
<doc>Types the given ``text`` into the text field identified by ``locator``.</doc>
<msg timestamp="20221018 15:41:05.173" level="INFO">Typing text '123456' into text field '//input[@id="passwd"]'.</msg>
<status status="PASS" starttime="20221018 15:41:05.173" endtime="20221018 15:41:05.304"/>
</kw>
<status status="PASS" starttime="20221018 15:41:05.172" endtime="20221018 15:41:05.304"/>
</kw>
<kw name="user can input DOB" library="register">
<kw name="Select From List By Index" library="SeleniumLibrary">
<arg>${date}</arg>
<arg>20</arg>
<doc>Selects options from selection list ``locator`` by ``indexes``.</doc>
<msg timestamp="20221018 15:41:05.306" level="INFO">Selecting options from selection list '//select[@id="days"]' by index 20.</msg>
<status status="PASS" starttime="20221018 15:41:05.305" endtime="20221018 15:41:05.710"/>
</kw>
<kw name="Click Element" library="SeleniumLibrary">
<arg>${months.format("${month}")}</arg>
<doc>Click the element identified by ``locator``.</doc>
<msg timestamp="20221018 15:41:05.713" level="INFO">Clicking element '//select[@name="months"]//option[@value="6"]'.</msg>
<status status="PASS" starttime="20221018 15:41:05.711" endtime="20221018 15:41:05.755"/>
</kw>
<kw name="Sleep" library="BuiltIn">
<arg>3</arg>
<doc>Pauses the test executed for the given time.</doc>
<msg timestamp="20221018 15:41:08.758" level="INFO">Slept 3 seconds</msg>
<status status="PASS" starttime="20221018 15:41:05.755" endtime="20221018 15:41:08.758"/>
</kw>
<kw name="Click Element" library="SeleniumLibrary">
<arg>${years.format("${year}")}</arg>
<doc>Click the element identified by ``locator``.</doc>
<msg timestamp="20221018 15:41:08.760" level="INFO">Clicking element '//option[@value="1998"]'.</msg>
<status status="PASS" starttime="20221018 15:41:08.758" endtime="20221018 15:41:08.813"/>
</kw>
<kw name="Sleep" library="BuiltIn">
<arg>3</arg>
<doc>Pauses the test executed for the given time.</doc>
<msg timestamp="20221018 15:41:11.830" level="INFO">Slept 3 seconds</msg>
<status status="PASS" starttime="20221018 15:41:08.813" endtime="20221018 15:41:11.830"/>
</kw>
<status status="PASS" starttime="20221018 15:41:05.305" endtime="20221018 15:41:11.830"/>
</kw>
<kw name="user can click newsletter checkbox" library="register">
<kw name="Click Element" library="SeleniumLibrary">
<arg>${newsletter}</arg>
<doc>Click the element identified by ``locator``.</doc>
<msg timestamp="20221018 15:41:11.832" level="INFO">Clicking element '//div[@id="uniform-newsletter"]'.</msg>
<status status="PASS" starttime="20221018 15:41:11.832" endtime="20221018 15:41:11.902"/>
</kw>
<status status="PASS" starttime="20221018 15:41:11.831" endtime="20221018 15:41:11.902"/>
</kw>
<kw name="user can click offers checkbox" library="register">
<kw name="Click Element" library="SeleniumLibrary">
<arg>${offers}</arg>
<doc>Click the element identified by ``locator``.</doc>
<msg timestamp="20221018 15:41:11.904" level="INFO">Clicking element '//input[@id="optin"]'.</msg>
<status status="PASS" starttime="20221018 15:41:11.904" endtime="20221018 15:41:11.972"/>
</kw>
<status status="PASS" starttime="20221018 15:41:11.903" endtime="20221018 15:41:11.972"/>
</kw>
<kw name="user can input first name field in address" library="register">
<kw name="Input Text" library="SeleniumLibrary">
<arg>${first_name_field2}</arg>
<arg>${first_name}</arg>
<doc>Types the given ``text`` into the text field identified by ``locator``.</doc>
<msg timestamp="20221018 15:41:11.974" level="INFO">Typing text 'Jen' into text field '//input[@id="firstname"]'.</msg>
<status status="PASS" starttime="20221018 15:41:11.974" endtime="20221018 15:41:12.096"/>
</kw>
<status status="PASS" starttime="20221018 15:41:11.973" endtime="20221018 15:41:12.097"/>
</kw>
<kw name="user can input last name field in address" library="register">
<kw name="Input Text" library="SeleniumLibrary">
<arg>${last_name_field2}</arg>
<arg>${last_name}</arg>
<doc>Types the given ``text`` into the text field identified by ``locator``.</doc>
<msg timestamp="20221018 15:41:12.098" level="INFO">Typing text 'Key' into text field '//input[@id="lastname"]'.</msg>
<status status="PASS" starttime="20221018 15:41:12.098" endtime="20221018 15:41:12.215"/>
</kw>
<status status="PASS" starttime="20221018 15:41:12.097" endtime="20221018 15:41:12.215"/>
</kw>
<kw name="user can input company field" library="register">
<kw name="Input Text" library="SeleniumLibrary">
<arg>${company_field}</arg>
<arg>${company_name}</arg>
<doc>Types the given ``text`` into the text field identified by ``locator``.</doc>
<msg timestamp="20221018 15:41:12.217" level="INFO">Typing text 'PT. Maju Jaya' into text field '//input[@id="company"]'.</msg>
<status status="PASS" starttime="20221018 15:41:12.217" endtime="20221018 15:41:12.349"/>
</kw>
<status status="PASS" starttime="20221018 15:41:12.216" endtime="20221018 15:41:12.350"/>
</kw>
<kw name="user can input address_1 field" library="register">
<kw name="Input Text" library="SeleniumLibrary">
<arg>${address_1_field}</arg>
<arg>${address_1}</arg>
<doc>Types the given ``text`` into the text field identified by ``locator``.</doc>
<msg timestamp="20221018 15:41:12.353" level="INFO">Typing text 'Jalan Bersama' into text field '//input[@name="address1"]'.</msg>
<status status="PASS" starttime="20221018 15:41:12.352" endtime="20221018 15:41:12.495"/>
</kw>
<status status="PASS" starttime="20221018 15:41:12.350" endtime="20221018 15:41:12.495"/>
</kw>
<kw name="user can input address_2 field" library="register">
<kw name="Input Text" library="SeleniumLibrary">
<arg>${address_2_field}</arg>
<arg>${address_2}</arg>
<doc>Types the given ``text`` into the text field identified by ``locator``.</doc>
<msg timestamp="20221018 15:41:12.498" level="INFO">Typing text 'RT. 009 RW. 010, Kec. Suka, Kel. Setia' into text field '//input[@name="address2"]'.</msg>
<status status="PASS" starttime="20221018 15:41:12.498" endtime="20221018 15:41:12.657"/>
</kw>
<status status="PASS" starttime="20221018 15:41:12.496" endtime="20221018 15:41:12.658"/>
</kw>
<kw name="User can input city field" library="register">
<kw name="Input Text" library="SeleniumLibrary">
<arg>${city_field}</arg>
<arg>${city}</arg>
<doc>Types the given ``text`` into the text field identified by ``locator``.</doc>
<msg timestamp="20221018 15:41:12.660" level="INFO">Typing text 'Jakarta Selatan' into text field '//input[@id="city"]'.</msg>
<status status="PASS" starttime="20221018 15:41:12.659" endtime="20221018 15:41:12.795"/>
</kw>
<status status="PASS" starttime="20221018 15:41:12.658" endtime="20221018 15:41:12.795"/>
</kw>
<kw name="user can input state Dropdown" library="register">
<kw name="Click Element" library="SeleniumLibrary">
<arg>${state_field.format("${tempat}")}</arg>
<doc>Click the element identified by ``locator``.</doc>
<msg timestamp="20221018 15:41:12.799" level="INFO">Clicking element '//*[text()="Arizona"]'.</msg>
<status status="PASS" starttime="20221018 15:41:12.797" endtime="20221018 15:41:12.848"/>
</kw>
<kw name="Sleep" library="BuiltIn">
<arg>3</arg>
<doc>Pauses the test executed for the given time.</doc>
<msg timestamp="20221018 15:41:15.859" level="INFO">Slept 3 seconds</msg>
<status status="PASS" starttime="20221018 15:41:12.849" endtime="20221018 15:41:15.859"/>
</kw>
<status status="PASS" starttime="20221018 15:41:12.796" endtime="20221018 15:41:15.859"/>
</kw>
<kw name="user can input postal code field" library="register">
<kw name="Input Text" library="SeleniumLibrary">
<arg>${postal_code_field}</arg>
<arg>${postal_code}</arg>
<doc>Types the given ``text`` into the text field identified by ``locator``.</doc>
<msg timestamp="20221018 15:41:15.861" level="INFO">Typing text '19901' into text field '//input[@id="postcode"]'.</msg>
<msg timestamp="20221018 15:41:15.868" level="WARN">Keyword 'Capture Page Screenshot' could not be run on failure: Message: no such window: target window already closed
from unknown error: web view not found
  (Session info: chrome=106.0.5249.119)
Stacktrace:
Backtrace:
	Ordinal0 [0x005A1ED3+2236115]
	Ordinal0 [0x005392F1+1807089]
	Ordinal0 [0x004466FD+812797]
	Ordinal0 [0x0042DFFA+712698]
	Ordinal0 [0x0049506B+1134699]
	Ordinal0 [0x004A514A+1200458]
	Ordinal0 [0x004918A6+1120422]
	Ordinal0 [0x0046A73D+960317]
	Ordinal0 [0x0046B71F+964383]
	GetHandleVerifier [0x0084E7E2+2743074]
	GetHandleVerifier [0x008408D4+2685972]
	GetHandleVerifier [0x00632BAA+532202]
	GetHandleVerifier [0x00631990+527568]
	Ordinal0 [0x0054080C+1837068]
	Ordinal0 [0x00544CD8+1854680]
	Ordinal0 [0x00544DC5+1854917]
	Ordinal0 [0x0054ED64+1895780]
	BaseThreadInitThunk [0x76EB7BA9+25]
	RtlInitializeExceptionChain [0x7717BB3B+107]
	RtlClearBits [0x7717BABF+191]
</msg>
<msg timestamp="20221018 15:41:15.924" level="FAIL">NoSuchWindowException: Message: no such window: target window already closed
from unknown error: web view not found
  (Session info: chrome=106.0.5249.119)
Stacktrace:
Backtrace:
	Ordinal0 [0x005A1ED3+2236115]
	Ordinal0 [0x005392F1+1807089]
	Ordinal0 [0x004466FD+812797]
	Ordinal0 [0x0042DFFA+712698]
	Ordinal0 [0x0049506B+1134699]
	Ordinal0 [0x004A514A+1200458]
	Ordinal0 [0x004918A6+1120422]
	Ordinal0 [0x0046A73D+960317]
	Ordinal0 [0x0046B71F+964383]
	GetHandleVerifier [0x0084E7E2+2743074]
	GetHandleVerifier [0x008408D4+2685972]
	GetHandleVerifier [0x00632BAA+532202]
	GetHandleVerifier [0x00631990+527568]
	Ordinal0 [0x0054080C+1837068]
	Ordinal0 [0x00544CD8+1854680]
	Ordinal0 [0x00544DC5+1854917]
	Ordinal0 [0x0054ED64+1895780]
	BaseThreadInitThunk [0x76EB7BA9+25]
	RtlInitializeExceptionChain [0x7717BB3B+107]
	RtlClearBits [0x7717BABF+191]
</msg>
<status status="FAIL" starttime="20221018 15:41:15.861" endtime="20221018 15:41:15.924"/>
</kw>
<status status="FAIL" starttime="20221018 15:41:15.860" endtime="20221018 15:41:15.927"/>
</kw>
<kw name="user can input country field" library="register">
<status status="NOT RUN" starttime="20221018 15:41:15.928" endtime="20221018 15:41:15.929"/>
</kw>
<kw name="user can input information field" library="register">
<status status="NOT RUN" starttime="20221018 15:41:15.929" endtime="20221018 15:41:15.929"/>
</kw>
<kw name="user can input homephone field" library="register">
<status status="NOT RUN" starttime="20221018 15:41:15.930" endtime="20221018 15:41:15.930"/>
</kw>
<kw name="user can input mobilephone field" library="register">
<status status="NOT RUN" starttime="20221018 15:41:15.931" endtime="20221018 15:41:15.931"/>
</kw>
<kw name="user can clear address alias field" library="register">
<status status="NOT RUN" starttime="20221018 15:41:15.932" endtime="20221018 15:41:15.932"/>
</kw>
<kw name="user can input address alias field" library="register">
<status status="NOT RUN" starttime="20221018 15:41:15.933" endtime="20221018 15:41:15.933"/>
</kw>
<kw name="user can click register button" library="register">
<status status="NOT RUN" starttime="20221018 15:41:15.934" endtime="20221018 15:41:15.934"/>
</kw>
<kw name="Close Browser" library="SeleniumLibrary" type="TEARDOWN">
<doc>Closes the current browser.</doc>
<status status="PASS" starttime="20221018 15:41:15.935" endtime="20221018 15:41:18.166"/>
</kw>
<doc>Test to verify that user should be able to register</doc>
<status status="FAIL" starttime="20221018 15:40:38.293" endtime="20221018 15:41:18.167">NoSuchWindowException: Message: no such window: target window already closed
from unknown error: web view not found
  (Session info: chrome=106.0.5249.119)
Stacktrace:
Backtrace:
	Ordinal0 [0x005A1ED3+2236115]
	Ordinal0 [0x005392F1+1807089]
	Ordinal0 [0x004466FD+812797]
	Ordinal0 [0x0042DFFA+712698]
	Ordinal0 [0x0049506B+1134699]
	Ordinal0 [0x004A514A+1200458]
	Ordinal0 [0x004918A6+1120422]
	Ordinal0 [0x0046A73D+960317]
	Ordinal0 [0x0046B71F+964383]
	GetHandleVerifier [0x0084E7E2+2743074]
	GetHandleVerifier [0x008408D4+2685972]
	GetHandleVerifier [0x00632BAA+532202]
	GetHandleVerifier [0x00631990+527568]
	Ordinal0 [0x0054080C+1837068]
	Ordinal0 [0x00544CD8+1854680]
	Ordinal0 [0x00544DC5+1854917]
	Ordinal0 [0x0054ED64+1895780]
	BaseThreadInitThunk [0x76EB7BA9+25]
	RtlInitializeExceptionChain [0x7717BB3B+107]
	RtlClearBits [0x7717BABF+191]
</status>
</test>
<doc>Login test cases</doc>
<status status="FAIL" starttime="20221018 15:40:37.913" endtime="20221018 15:41:18.174"/>
</suite>
<statistics>
<total>
<stat pass="0" fail="1" skip="0">All Tests</stat>
</total>
<tag>
</tag>
<suite>
<stat pass="0" fail="1" skip="0" id="s1" name="1 Register">1 Register</stat>
</suite>
</statistics>
<errors>
<msg timestamp="20221018 15:41:15.868" level="WARN">Keyword 'Capture Page Screenshot' could not be run on failure: Message: no such window: target window already closed
from unknown error: web view not found
  (Session info: chrome=106.0.5249.119)
Stacktrace:
Backtrace:
	Ordinal0 [0x005A1ED3+2236115]
	Ordinal0 [0x005392F1+1807089]
	Ordinal0 [0x004466FD+812797]
	Ordinal0 [0x0042DFFA+712698]
	Ordinal0 [0x0049506B+1134699]
	Ordinal0 [0x004A514A+1200458]
	Ordinal0 [0x004918A6+1120422]
	Ordinal0 [0x0046A73D+960317]
	Ordinal0 [0x0046B71F+964383]
	GetHandleVerifier [0x0084E7E2+2743074]
	GetHandleVerifier [0x008408D4+2685972]
	GetHandleVerifier [0x00632BAA+532202]
	GetHandleVerifier [0x00631990+527568]
	Ordinal0 [0x0054080C+1837068]
	Ordinal0 [0x00544CD8+1854680]
	Ordinal0 [0x00544DC5+1854917]
	Ordinal0 [0x0054ED64+1895780]
	BaseThreadInitThunk [0x76EB7BA9+25]
	RtlInitializeExceptionChain [0x7717BB3B+107]
	RtlClearBits [0x7717BABF+191]
</msg>
</errors>
</robot>
